Determining if the pthread_create exist failed with the following output:
Change Dir: /home/czq/eclipse-workspace/tailsitter_env/build/CMakeFiles/CMakeTmp

Run Build Command:"/usr/bin/make" "cmTC_d30ff/fast"
/usr/bin/make -f CMakeFiles/cmTC_d30ff.dir/build.make CMakeFiles/cmTC_d30ff.dir/build
make[1]: Entering directory '/home/czq/eclipse-workspace/tailsitter_env/build/CMakeFiles/CMakeTmp'
Building C object CMakeFiles/cmTC_d30ff.dir/CheckSymbolExists.c.o
/usr/bin/cc     -o CMakeFiles/cmTC_d30ff.dir/CheckSymbolExists.c.o   -c /home/czq/eclipse-workspace/tailsitter_env/build/CMakeFiles/CMakeTmp/CheckSymbolExists.c
Linking C executable cmTC_d30ff
/usr/bin/cmake -E cmake_link_script CMakeFiles/cmTC_d30ff.dir/link.txt --verbose=1
/usr/bin/cc       CMakeFiles/cmTC_d30ff.dir/CheckSymbolExists.c.o  -o cmTC_d30ff -rdynamic 
CMakeFiles/cmTC_d30ff.dir/CheckSymbolExists.c.o: In function `main':
CheckSymbolExists.c:(.text+0x16): undefined reference to `pthread_create'
collect2: error: ld returned 1 exit status
CMakeFiles/cmTC_d30ff.dir/build.make:97: recipe for target 'cmTC_d30ff' failed
make[1]: *** [cmTC_d30ff] Error 1
make[1]: Leaving directory '/home/czq/eclipse-workspace/tailsitter_env/build/CMakeFiles/CMakeTmp'
Makefile:126: recipe for target 'cmTC_d30ff/fast' failed
make: *** [cmTC_d30ff/fast] Error 2

File /home/czq/eclipse-workspace/tailsitter_env/build/CMakeFiles/CMakeTmp/CheckSymbolExists.c:
/* */
#include <pthread.h>

int main(int argc, char** argv)
{
  (void)argv;
#ifndef pthread_create
  return ((int*)(&pthread_create))[argc];
#else
  (void)argc;
  return 0;
#endif
}

Determining if the function pthread_create exists in the pthreads failed with the following output:
Change Dir: /home/czq/eclipse-workspace/tailsitter_env/build/CMakeFiles/CMakeTmp

Run Build Command:"/usr/bin/make" "cmTC_d86de/fast"
/usr/bin/make -f CMakeFiles/cmTC_d86de.dir/build.make CMakeFiles/cmTC_d86de.dir/build
make[1]: Entering directory '/home/czq/eclipse-workspace/tailsitter_env/build/CMakeFiles/CMakeTmp'
Building C object CMakeFiles/cmTC_d86de.dir/CheckFunctionExists.c.o
/usr/bin/cc    -DCHECK_FUNCTION_EXISTS=pthread_create   -o CMakeFiles/cmTC_d86de.dir/CheckFunctionExists.c.o   -c /usr/share/cmake-3.5/Modules/CheckFunctionExists.c
Linking C executable cmTC_d86de
/usr/bin/cmake -E cmake_link_script CMakeFiles/cmTC_d86de.dir/link.txt --verbose=1
/usr/bin/cc   -DCHECK_FUNCTION_EXISTS=pthread_create    CMakeFiles/cmTC_d86de.dir/CheckFunctionExists.c.o  -o cmTC_d86de -rdynamic -lpthreads 
/usr/bin/ld: cannot find -lpthreads
collect2: error: ld returned 1 exit status
CMakeFiles/cmTC_d86de.dir/build.make:97: recipe for target 'cmTC_d86de' failed
make[1]: *** [cmTC_d86de] Error 1
make[1]: Leaving directory '/home/czq/eclipse-workspace/tailsitter_env/build/CMakeFiles/CMakeTmp'
Makefile:126: recipe for target 'cmTC_d86de/fast' failed
make: *** [cmTC_d86de/fast] Error 2


Determining if the pthread_create exist failed with the following output:
Change Dir: /home/czq/chWorkspace/tailsitter_env/build/CMakeFiles/CMakeTmp

Run Build Command:"/usr/bin/make" "cmTC_c150b/fast"
/usr/bin/make -f CMakeFiles/cmTC_c150b.dir/build.make CMakeFiles/cmTC_c150b.dir/build
make[1]: Entering directory '/home/czq/chWorkspace/tailsitter_env/build/CMakeFiles/CMakeTmp'
Building C object CMakeFiles/cmTC_c150b.dir/CheckSymbolExists.c.o
/usr/bin/cc    -o CMakeFiles/cmTC_c150b.dir/CheckSymbolExists.c.o   -c /home/czq/chWorkspace/tailsitter_env/build/CMakeFiles/CMakeTmp/CheckSymbolExists.c
Linking C executable cmTC_c150b
/usr/bin/cmake -E cmake_link_script CMakeFiles/cmTC_c150b.dir/link.txt --verbose=1
/usr/bin/cc      -rdynamic CMakeFiles/cmTC_c150b.dir/CheckSymbolExists.c.o  -o cmTC_c150b 
CMakeFiles/cmTC_c150b.dir/CheckSymbolExists.c.o: In function `main':
CheckSymbolExists.c:(.text+0x1b): undefined reference to `pthread_create'
collect2: error: ld returned 1 exit status
CMakeFiles/cmTC_c150b.dir/build.make:97: recipe for target 'cmTC_c150b' failed
make[1]: *** [cmTC_c150b] Error 1
make[1]: Leaving directory '/home/czq/chWorkspace/tailsitter_env/build/CMakeFiles/CMakeTmp'
Makefile:126: recipe for target 'cmTC_c150b/fast' failed
make: *** [cmTC_c150b/fast] Error 2

File /home/czq/chWorkspace/tailsitter_env/build/CMakeFiles/CMakeTmp/CheckSymbolExists.c:
/* */
#include <pthread.h>

int main(int argc, char** argv)
{
  (void)argv;
#ifndef pthread_create
  return ((int*)(&pthread_create))[argc];
#else
  (void)argc;
  return 0;
#endif
}

Determining if the function pthread_create exists in the pthreads failed with the following output:
Change Dir: /home/czq/chWorkspace/tailsitter_env/build/CMakeFiles/CMakeTmp

Run Build Command:"/usr/bin/make" "cmTC_d1b6d/fast"
/usr/bin/make -f CMakeFiles/cmTC_d1b6d.dir/build.make CMakeFiles/cmTC_d1b6d.dir/build
make[1]: Entering directory '/home/czq/chWorkspace/tailsitter_env/build/CMakeFiles/CMakeTmp'
Building C object CMakeFiles/cmTC_d1b6d.dir/CheckFunctionExists.c.o
/usr/bin/cc   -DCHECK_FUNCTION_EXISTS=pthread_create   -o CMakeFiles/cmTC_d1b6d.dir/CheckFunctionExists.c.o   -c /usr/share/cmake-3.10/Modules/CheckFunctionExists.c
Linking C executable cmTC_d1b6d
/usr/bin/cmake -E cmake_link_script CMakeFiles/cmTC_d1b6d.dir/link.txt --verbose=1
/usr/bin/cc  -DCHECK_FUNCTION_EXISTS=pthread_create    -rdynamic CMakeFiles/cmTC_d1b6d.dir/CheckFunctionExists.c.o  -o cmTC_d1b6d -lpthreads 
/usr/bin/ld: cannot find -lpthreads
collect2: error: ld returned 1 exit status
CMakeFiles/cmTC_d1b6d.dir/build.make:97: recipe for target 'cmTC_d1b6d' failed
make[1]: *** [cmTC_d1b6d] Error 1
make[1]: Leaving directory '/home/czq/chWorkspace/tailsitter_env/build/CMakeFiles/CMakeTmp'
Makefile:126: recipe for target 'cmTC_d1b6d/fast' failed
make: *** [cmTC_d1b6d/fast] Error 2


